Factor has to be >= 1 at line 21
** Generating 2d grid **

Creating binary tree...done.
Imprinting binary tree on the boundary...done.
Optimizing boundary nodes...done.

Number of vertices after binary tree generation : 
  4 (tree) + 6 (boundary)

** Delaunizing the mesh **

Creating delaunizer input...done.
Solving edges...done 
Optimizing elements...done. (10 vertices)
Fixing diagonals...done.

The final mesh has: 
       6 points.
       4 elements.
       4 regions.
Max. connectivity = 3 located at (1;-0)


==============================  tri-grid quality  ================================
    0  10  20  30  40  50  60  70  80  90 100 110 120 130 140 150 160 170 180
 %                       67              33                                
---------------------------------------------------------------------------------
minAngle: 45  maxAngle: 90
nVerts = 6  nTris = 4  nMats = 2
max connectivity (tris per node): 3 [near (1 -0)]
bmin: -0 -0
bmax: 2 1
min edgeLength: 1  [near (0.5 -0)]
min volume: 0.5  max volume: 0.5  Total volume: 2
bbox  volume: 2
Are all boundaries on bbox? true
=================================================================================

Smallest region: n_region  Total volume: 1
Interpolating data...done.
Saving file /home/student/STUDENTS/230959200_A3/Model_1_msh.tdr...done.

===============================  Timer Report===================================
              Total Mesh Generation Time:   0.00089s       100%
                       Rate of #Vertices:  6.74e+03
                          Rate of #Edges:  1.01e+04
                          Rate of #Faces:  4.49e+03
                       Rate of #Elements:         0

                            Time Covered:         0s         0%

