** Generating 2d grid **

Creating binary tree...done.
Imprinting binary tree on the boundary...done.
Optimizing boundary nodes...done.

Number of vertices after binary tree generation : 
  1105 (tree) + 288 (boundary)

** Delaunizing the mesh **

Creating delaunizer input...done.
Solving edges...done 
Optimizing elements...done. (1237 vertices)
Fixing diagonals...done.

The final mesh has: 
    1233 points.
    2302 elements.
       5 regions.
Max. connectivity = 6 located at (0.046875;0.084375)


==============================  tri-grid quality  ================================
    0  10  20  30  40  50  60  70  80  90 100 110 120 130 140 150 160 170 180
 %    2       4   2  26  26   2   4      35                                
---------------------------------------------------------------------------------
minAngle: 3.81407  maxAngle: 90
nVerts = 1233  nTris = 2302  nMats = 3
max connectivity (tris per node): 6 [near (0.046875 0.084375)]
bmin: -0 0.05
bmax: 3 0.6
min edgeLength: 0.003125  [near (0.5625 0.498437)]
min volume: 7.32422e-05  max volume: 0.000878906  Total volume: 1.65
bbox  volume: 1.65
Are all boundaries on bbox? true
=================================================================================

Smallest region: Metal  Total volume: 0.15
Interpolating data...done.
Saving file ./sdemodel_msh.tdr...done.

===============================  Timer Report===================================
              Total Mesh Generation Time:    0.0275s       100%
                       Rate of #Vertices:  4.48e+04
                          Rate of #Edges:  9.58e+04
                          Rate of #Faces:  8.36e+04
                       Rate of #Elements:         0

                            Time Covered:         0s         0%

